This file contains any messages produced by compilers while
running configure, to aid debugging if configure makes a mistake.

It was created by configure, which was
generated by GNU Autoconf 2.69.  Invocation command line was

  $ ./configure 

## --------- ##
## Platform. ##
## --------- ##

hostname = eltex-server
uname -m = x86_64
uname -r = 3.2.0-4-amd64
uname -s = Linux
uname -v = #1 SMP Debian 3.2.73-2+deb7u3

/usr/bin/uname -p = unknown
/bin/uname -X     = unknown

/bin/arch              = unknown
/usr/bin/arch -k       = unknown
/usr/convex/getsysinfo = unknown
/usr/bin/hostinfo      = unknown
/bin/machine           = unknown
/usr/bin/oslevel       = unknown
/bin/universe          = unknown

PATH: /usr/local/bin
PATH: /usr/bin
PATH: /bin
PATH: /usr/local/games
PATH: /usr/games


## ----------- ##
## Core tests. ##
## ----------- ##

configure:2178: checking for gcc
configure:2194: found /usr/bin/gcc
configure:2205: result: gcc
configure:2434: checking for C compiler version
configure:2443: gcc --version >&5
gcc (Debian 4.7.2-5) 4.7.2
Copyright (C) 2012 Free Software Foundation, Inc.
This is free software; see the source for copying conditions.  There is NO
warranty; not even for MERCHANTABILITY or FITNESS FOR A PARTICULAR PURPOSE.

configure:2454: $? = 0
configure:2443: gcc -v >&5
Using built-in specs.
COLLECT_GCC=gcc
COLLECT_LTO_WRAPPER=/usr/lib/gcc/x86_64-linux-gnu/4.7/lto-wrapper
Target: x86_64-linux-gnu
Configured with: ../src/configure -v --with-pkgversion='Debian 4.7.2-5' --with-bugurl=file:///usr/share/doc/gcc-4.7/README.Bugs --enable-languages=c,c++,go,fortran,objc,obj-c++ --prefix=/usr --program-suffix=-4.7 --enable-shared --enable-linker-build-id --with-system-zlib --libexecdir=/usr/lib --without-included-gettext --enable-threads=posix --with-gxx-include-dir=/usr/include/c++/4.7 --libdir=/usr/lib --enable-nls --with-sysroot=/ --enable-clocale=gnu --enable-libstdcxx-debug --enable-libstdcxx-time=yes --enable-gnu-unique-object --enable-plugin --enable-objc-gc --with-arch-32=i586 --with-tune=generic --enable-checking=release --build=x86_64-linux-gnu --host=x86_64-linux-gnu --target=x86_64-linux-gnu
Thread model: posix
gcc version 4.7.2 (Debian 4.7.2-5) 
configure:2454: $? = 0
configure:2443: gcc -V >&5
gcc: error: unrecognized command line option '-V'
gcc: fatal error: no input files
compilation terminated.
configure:2454: $? = 4
configure:2443: gcc -qversion >&5
gcc: error: unrecognized command line option '-qversion'
gcc: fatal error: no input files
compilation terminated.
configure:2454: $? = 4
configure:2474: checking whether the C compiler works
configure:2496: gcc    conftest.c  >&5
configure:2500: $? = 0
configure:2548: result: yes
configure:2551: checking for C compiler default output file name
configure:2553: result: a.out
configure:2559: checking for suffix of executables
configure:2566: gcc -o conftest    conftest.c  >&5
configure:2570: $? = 0
configure:2592: result: 
configure:2614: checking whether we are cross compiling
configure:2622: gcc -o conftest    conftest.c  >&5
configure:2626: $? = 0
configure:2633: ./conftest
configure:2637: $? = 0
configure:2652: result: no
configure:2657: checking for suffix of object files
configure:2679: gcc -c   conftest.c >&5
configure:2683: $? = 0
configure:2704: result: o
configure:2708: checking whether we are using the GNU C compiler
configure:2727: gcc -c   conftest.c >&5
configure:2727: $? = 0
configure:2736: result: yes
configure:2745: checking whether gcc accepts -g
configure:2765: gcc -c -g  conftest.c >&5
configure:2765: $? = 0
configure:2806: result: yes
configure:2823: checking for gcc option to accept ISO C89
configure:2886: gcc  -c -g -O2  conftest.c >&5
configure:2886: $? = 0
configure:2899: result: none needed
configure:2929: checking how to run the C preprocessor
configure:2960: gcc -E  conftest.c
configure:2960: $? = 0
configure:2974: gcc -E  conftest.c
conftest.c:9:28: fatal error: ac_nonexistent.h: No such file or directory
compilation terminated.
configure:2974: $? = 1
configure: failed program was:
| /* confdefs.h */
| #define PACKAGE_NAME ""
| #define PACKAGE_TARNAME ""
| #define PACKAGE_VERSION ""
| #define PACKAGE_STRING ""
| #define PACKAGE_BUGREPORT ""
| #define PACKAGE_URL ""
| /* end confdefs.h.  */
| #include <ac_nonexistent.h>
configure:2999: result: gcc -E
configure:3019: gcc -E  conftest.c
configure:3019: $? = 0
configure:3033: gcc -E  conftest.c
conftest.c:9:28: fatal error: ac_nonexistent.h: No such file or directory
compilation terminated.
configure:3033: $? = 1
configure: failed program was:
| /* confdefs.h */
| #define PACKAGE_NAME ""
| #define PACKAGE_TARNAME ""
| #define PACKAGE_VERSION ""
| #define PACKAGE_STRING ""
| #define PACKAGE_BUGREPORT ""
| #define PACKAGE_URL ""
| /* end confdefs.h.  */
| #include <ac_nonexistent.h>
configure:3062: checking for grep that handles long lines and -e
configure:3120: result: /bin/grep
configure:3125: checking for egrep
configure:3187: result: /bin/grep -E
configure:3192: checking for ANSI C header files
configure:3212: gcc -c -g -O2  conftest.c >&5
configure:3212: $? = 0
configure:3285: gcc -o conftest -g -O2   conftest.c  >&5
configure:3285: $? = 0
configure:3285: ./conftest
configure:3285: $? = 0
configure:3296: result: yes
configure:3309: checking for sys/types.h
configure:3309: gcc -c -g -O2  conftest.c >&5
configure:3309: $? = 0
configure:3309: result: yes
configure:3309: checking for sys/stat.h
configure:3309: gcc -c -g -O2  conftest.c >&5
configure:3309: $? = 0
configure:3309: result: yes
configure:3309: checking for stdlib.h
configure:3309: gcc -c -g -O2  conftest.c >&5
configure:3309: $? = 0
configure:3309: result: yes
configure:3309: checking for string.h
configure:3309: gcc -c -g -O2  conftest.c >&5
configure:3309: $? = 0
configure:3309: result: yes
configure:3309: checking for memory.h
configure:3309: gcc -c -g -O2  conftest.c >&5
configure:3309: $? = 0
configure:3309: result: yes
configure:3309: checking for strings.h
configure:3309: gcc -c -g -O2  conftest.c >&5
configure:3309: $? = 0
configure:3309: result: yes
configure:3309: checking for inttypes.h
configure:3309: gcc -c -g -O2  conftest.c >&5
configure:3309: $? = 0
configure:3309: result: yes
configure:3309: checking for stdint.h
configure:3309: gcc -c -g -O2  conftest.c >&5
configure:3309: $? = 0
configure:3309: result: yes
configure:3309: checking for unistd.h
configure:3309: gcc -c -g -O2  conftest.c >&5
configure:3309: $? = 0
configure:3309: result: yes
configure:3324: checking arpa/inet.h usability
configure:3324: gcc -c -g -O2  conftest.c >&5
configure:3324: $? = 0
configure:3324: result: yes
configure:3324: checking arpa/inet.h presence
configure:3324: gcc -E  conftest.c
configure:3324: $? = 0
configure:3324: result: yes
configure:3324: checking for arpa/inet.h
configure:3324: result: yes
configure:3324: checking fcntl.h usability
configure:3324: gcc -c -g -O2  conftest.c >&5
configure:3324: $? = 0
configure:3324: result: yes
configure:3324: checking fcntl.h presence
configure:3324: gcc -E  conftest.c
configure:3324: $? = 0
configure:3324: result: yes
configure:3324: checking for fcntl.h
configure:3324: result: yes
configure:3324: checking netdb.h usability
configure:3324: gcc -c -g -O2  conftest.c >&5
configure:3324: $? = 0
configure:3324: result: yes
configure:3324: checking netdb.h presence
configure:3324: gcc -E  conftest.c
configure:3324: $? = 0
configure:3324: result: yes
configure:3324: checking for netdb.h
configure:3324: result: yes
configure:3324: checking netinet/in.h usability
configure:3324: gcc -c -g -O2  conftest.c >&5
configure:3324: $? = 0
configure:3324: result: yes
configure:3324: checking netinet/in.h presence
configure:3324: gcc -E  conftest.c
configure:3324: $? = 0
configure:3324: result: yes
configure:3324: checking for netinet/in.h
configure:3324: result: yes
configure:3324: checking for stdlib.h
configure:3324: result: yes
configure:3324: checking for string.h
configure:3324: result: yes
configure:3324: checking sys/ioctl.h usability
configure:3324: gcc -c -g -O2  conftest.c >&5
configure:3324: $? = 0
configure:3324: result: yes
configure:3324: checking sys/ioctl.h presence
configure:3324: gcc -E  conftest.c
configure:3324: $? = 0
configure:3324: result: yes
configure:3324: checking for sys/ioctl.h
configure:3324: result: yes
configure:3324: checking sys/socket.h usability
configure:3324: gcc -c -g -O2  conftest.c >&5
configure:3324: $? = 0
configure:3324: result: yes
configure:3324: checking sys/socket.h presence
configure:3324: gcc -E  conftest.c
configure:3324: $? = 0
configure:3324: result: yes
configure:3324: checking for sys/socket.h
configure:3324: result: yes
configure:3324: checking for unistd.h
configure:3324: result: yes
configure:3340: checking for bzero
configure:3340: gcc -o conftest -g -O2   conftest.c  >&5
conftest.c:51:6: warning: conflicting types for built-in function 'bzero' [enabled by default]
configure:3340: $? = 0
configure:3340: result: yes
configure:3340: checking for memset
configure:3340: gcc -o conftest -g -O2   conftest.c  >&5
conftest.c:52:6: warning: conflicting types for built-in function 'memset' [enabled by default]
configure:3340: $? = 0
configure:3340: result: yes
configure:3340: checking for socket
configure:3340: gcc -o conftest -g -O2   conftest.c  >&5
configure:3340: $? = 0
configure:3340: result: yes
configure:3395: checking for a BSD-compatible install
configure:3463: result: /usr/bin/install -c
configure:3474: checking whether build environment is sane
configure:3524: result: yes
configure:3665: checking for a thread-safe mkdir -p
configure:3704: result: /bin/mkdir -p
configure:3717: checking for gawk
configure:3747: result: no
configure:3717: checking for mawk
configure:3733: found /usr/bin/mawk
configure:3744: result: mawk
configure:3755: checking whether make sets $(MAKE)
configure:3777: result: yes
configure:3807: checking for style of include used by make
configure:3835: result: GNU
configure:3921: checking dependency style of gcc
configure:4032: result: gcc3
configure:4217: creating ./config.status

## ---------------------- ##
## Running config.status. ##
## ---------------------- ##

This file was extended by config.status, which was
generated by GNU Autoconf 2.69.  Invocation command line was

  CONFIG_FILES    = 
  CONFIG_HEADERS  = 
  CONFIG_LINKS    = 
  CONFIG_COMMANDS = 
  $ ./config.status 

on eltex-server

config.status:774: creating Makefile
config.status:774: creating src/Makefile
config.status:946: executing depfiles commands

## ---------------- ##
## Cache variables. ##
## ---------------- ##

ac_cv_c_compiler_gnu=yes
ac_cv_env_CC_set=
ac_cv_env_CC_value=
ac_cv_env_CFLAGS_set=
ac_cv_env_CFLAGS_value=
ac_cv_env_CPPFLAGS_set=
ac_cv_env_CPPFLAGS_value=
ac_cv_env_CPP_set=
ac_cv_env_CPP_value=
ac_cv_env_LDFLAGS_set=
ac_cv_env_LDFLAGS_value=
ac_cv_env_LIBS_set=
ac_cv_env_LIBS_value=
ac_cv_env_build_alias_set=
ac_cv_env_build_alias_value=
ac_cv_env_host_alias_set=
ac_cv_env_host_alias_value=
ac_cv_env_target_alias_set=
ac_cv_env_target_alias_value=
ac_cv_func_bzero=yes
ac_cv_func_memset=yes
ac_cv_func_socket=yes
ac_cv_header_arpa_inet_h=yes
ac_cv_header_fcntl_h=yes
ac_cv_header_inttypes_h=yes
ac_cv_header_memory_h=yes
ac_cv_header_netdb_h=yes
ac_cv_header_netinet_in_h=yes
ac_cv_header_stdc=yes
ac_cv_header_stdint_h=yes
ac_cv_header_stdlib_h=yes
ac_cv_header_string_h=yes
ac_cv_header_strings_h=yes
ac_cv_header_sys_ioctl_h=yes
ac_cv_header_sys_socket_h=yes
ac_cv_header_sys_stat_h=yes
ac_cv_header_sys_types_h=yes
ac_cv_header_unistd_h=yes
ac_cv_objext=o
ac_cv_path_EGREP='/bin/grep -E'
ac_cv_path_GREP=/bin/grep
ac_cv_path_install='/usr/bin/install -c'
ac_cv_path_mkdir=/bin/mkdir
ac_cv_prog_AWK=mawk
ac_cv_prog_CPP='gcc -E'
ac_cv_prog_ac_ct_CC=gcc
ac_cv_prog_cc_c89=
ac_cv_prog_cc_g=yes
ac_cv_prog_make_make_set=yes
am_cv_CC_dependencies_compiler_type=gcc3

## ----------------- ##
## Output variables. ##
## ----------------- ##

ACLOCAL='${SHELL} /home/2017/maklashkina/Project/missing --run aclocal-1.11'
AMDEPBACKSLASH='\'
AMDEP_FALSE='#'
AMDEP_TRUE=''
AMTAR='$${TAR-tar}'
AUTOCONF='${SHELL} /home/2017/maklashkina/Project/missing --run autoconf'
AUTOHEADER='${SHELL} /home/2017/maklashkina/Project/missing --run autoheader'
AUTOMAKE='${SHELL} /home/2017/maklashkina/Project/missing --run automake-1.11'
AWK='mawk'
CC='gcc'
CCDEPMODE='depmode=gcc3'
CFLAGS='-g -O2'
CPP='gcc -E'
CPPFLAGS=''
CYGPATH_W='echo'
DEFS='-DPACKAGE_NAME=\"\" -DPACKAGE_TARNAME=\"\" -DPACKAGE_VERSION=\"\" -DPACKAGE_STRING=\"\" -DPACKAGE_BUGREPORT=\"\" -DPACKAGE_URL=\"\" -DSTDC_HEADERS=1 -DHAVE_SYS_TYPES_H=1 -DHAVE_SYS_STAT_H=1 -DHAVE_STDLIB_H=1 -DHAVE_STRING_H=1 -DHAVE_MEMORY_H=1 -DHAVE_STRINGS_H=1 -DHAVE_INTTYPES_H=1 -DHAVE_STDINT_H=1 -DHAVE_UNISTD_H=1 -DHAVE_ARPA_INET_H=1 -DHAVE_FCNTL_H=1 -DHAVE_NETDB_H=1 -DHAVE_NETINET_IN_H=1 -DHAVE_STDLIB_H=1 -DHAVE_STRING_H=1 -DHAVE_SYS_IOCTL_H=1 -DHAVE_SYS_SOCKET_H=1 -DHAVE_UNISTD_H=1 -DHAVE_BZERO=1 -DHAVE_MEMSET=1 -DHAVE_SOCKET=1 -DPACKAGE=\"Makefile\" -DVERSION=\"0.1\"'
DEPDIR='.deps'
ECHO_C=''
ECHO_N='-n'
ECHO_T=''
EGREP='/bin/grep -E'
EXEEXT=''
GREP='/bin/grep'
INSTALL_DATA='${INSTALL} -m 644'
INSTALL_PROGRAM='${INSTALL}'
INSTALL_SCRIPT='${INSTALL}'
INSTALL_STRIP_PROGRAM='$(install_sh) -c -s'
LDFLAGS=''
LIBOBJS=''
LIBS=''
LTLIBOBJS=''
MAKEINFO='${SHELL} /home/2017/maklashkina/Project/missing --run makeinfo'
MKDIR_P='/bin/mkdir -p'
OBJEXT='o'
PACKAGE='Makefile'
PACKAGE_BUGREPORT=''
PACKAGE_NAME=''
PACKAGE_STRING=''
PACKAGE_TARNAME=''
PACKAGE_URL=''
PACKAGE_VERSION=''
PATH_SEPARATOR=':'
SET_MAKE=''
SHELL='/bin/bash'
STRIP=''
VERSION='0.1'
ac_ct_CC='gcc'
am__EXEEXT_FALSE=''
am__EXEEXT_TRUE='#'
am__fastdepCC_FALSE='#'
am__fastdepCC_TRUE=''
am__include='include'
am__isrc=''
am__leading_dot='.'
am__nodep='_no'
am__quote=''
am__tar='$${TAR-tar} chof - "$$tardir"'
am__untar='$${TAR-tar} xf -'
bindir='${exec_prefix}/bin'
build_alias=''
datadir='${datarootdir}'
datarootdir='${prefix}/share'
docdir='${datarootdir}/doc/${PACKAGE}'
dvidir='${docdir}'
exec_prefix='${prefix}'
host_alias=''
htmldir='${docdir}'
includedir='${prefix}/include'
infodir='${datarootdir}/info'
install_sh='${SHELL} /home/2017/maklashkina/Project/install-sh'
libdir='${exec_prefix}/lib'
libexecdir='${exec_prefix}/libexec'
localedir='${datarootdir}/locale'
localstatedir='${prefix}/var'
mandir='${datarootdir}/man'
mkdir_p='/bin/mkdir -p'
oldincludedir='/usr/include'
pdfdir='${docdir}'
prefix='/usr/local'
program_transform_name='s,x,x,'
psdir='${docdir}'
sbindir='${exec_prefix}/sbin'
sharedstatedir='${prefix}/com'
sysconfdir='${prefix}/etc'
target_alias=''

## ----------- ##
## confdefs.h. ##
## ----------- ##

/* confdefs.h */
#define PACKAGE_NAME ""
#define PACKAGE_TARNAME ""
#define PACKAGE_VERSION ""
#define PACKAGE_STRING ""
#define PACKAGE_BUGREPORT ""
#define PACKAGE_URL ""
#define STDC_HEADERS 1
#define HAVE_SYS_TYPES_H 1
#define HAVE_SYS_STAT_H 1
#define HAVE_STDLIB_H 1
#define HAVE_STRING_H 1
#define HAVE_MEMORY_H 1
#define HAVE_STRINGS_H 1
#define HAVE_INTTYPES_H 1
#define HAVE_STDINT_H 1
#define HAVE_UNISTD_H 1
#define HAVE_ARPA_INET_H 1
#define HAVE_FCNTL_H 1
#define HAVE_NETDB_H 1
#define HAVE_NETINET_IN_H 1
#define HAVE_STDLIB_H 1
#define HAVE_STRING_H 1
#define HAVE_SYS_IOCTL_H 1
#define HAVE_SYS_SOCKET_H 1
#define HAVE_UNISTD_H 1
#define HAVE_BZERO 1
#define HAVE_MEMSET 1
#define HAVE_SOCKET 1
#define PACKAGE "Makefile"
#define VERSION "0.1"

configure: exit 0

## ---------------------- ##
## Running config.status. ##
## ---------------------- ##

This file was extended by config.status, which was
generated by GNU Autoconf 2.69.  Invocation command line was

  CONFIG_FILES    = 
  CONFIG_HEADERS  = 
  CONFIG_LINKS    = 
  CONFIG_COMMANDS = 
  $ ./config.status src/Makefile depfiles

on eltex-server

config.status:774: creating src/Makefile
config.status:946: executing depfiles commands

## ---------------------- ##
## Running config.status. ##
## ---------------------- ##

This file was extended by config.status, which was
generated by GNU Autoconf 2.69.  Invocation command line was

  CONFIG_FILES    = 
  CONFIG_HEADERS  = 
  CONFIG_LINKS    = 
  CONFIG_COMMANDS = 
  $ ./config.status src/Makefile depfiles

on eltex-server

config.status:774: creating src/Makefile
config.status:946: executing depfiles commands
